[2026-04-12 01:12:00,680] Run seed: 240412
[2026-04-12 01:12:00,680] ACMS enabled: False
[2026-04-12 01:12:04,595] flops: 10.579868042, params: 26.764399, Total params: : 26.7644
[2026-04-12 01:15:45,036] Epoch: 1, Dataset: test, Dice: 0.3833, IoU: 0.2512
[2026-04-12 01:15:45,706] Epoch: 1, Dataset: val, Dice: 0.3289, IoU: 0.2126
[2026-04-12 01:15:45,706] ### Best Model Saved (Dice improved from 0.0000 to 0.3289) ###
[2026-04-12 01:19:26,855] Epoch: 2, Dataset: test, Dice: 0.8469, IoU: 0.7689
[2026-04-12 01:19:27,525] Epoch: 2, Dataset: val, Dice: 0.7616, IoU: 0.6649
[2026-04-12 01:19:27,525] ### Best Model Saved (Dice improved from 0.3289 to 0.7616) ###
[2026-04-12 01:23:05,653] Epoch: 3, Dataset: test, Dice: 0.8734, IoU: 0.7933
[2026-04-12 01:23:06,318] Epoch: 3, Dataset: val, Dice: 0.7778, IoU: 0.6840
[2026-04-12 01:23:06,318] ### Best Model Saved (Dice improved from 0.7616 to 0.7778) ###
[2026-04-12 01:26:41,833] Epoch: 4, Dataset: test, Dice: 0.8337, IoU: 0.7568
[2026-04-12 01:26:42,497] Epoch: 4, Dataset: val, Dice: 0.7506, IoU: 0.6593
[2026-04-12 01:30:18,341] Epoch: 5, Dataset: test, Dice: 0.8746, IoU: 0.8050
[2026-04-12 01:30:18,996] Epoch: 5, Dataset: val, Dice: 0.8404, IoU: 0.7572
[2026-04-12 01:30:18,997] ### Best Model Saved (Dice improved from 0.7778 to 0.8404) ###
[2026-04-12 01:33:54,541] Epoch: 6, Dataset: test, Dice: 0.8410, IoU: 0.7575
[2026-04-12 01:33:55,187] Epoch: 6, Dataset: val, Dice: 0.7549, IoU: 0.6588
[2026-04-12 01:37:31,173] Epoch: 7, Dataset: test, Dice: 0.7319, IoU: 0.6313
[2026-04-12 01:37:31,837] Epoch: 7, Dataset: val, Dice: 0.6844, IoU: 0.5687
[2026-04-12 01:41:06,428] Epoch: 8, Dataset: test, Dice: 0.9026, IoU: 0.8380
[2026-04-12 01:41:07,101] Epoch: 8, Dataset: val, Dice: 0.8579, IoU: 0.7784
[2026-04-12 01:41:07,101] ### Best Model Saved (Dice improved from 0.8404 to 0.8579) ###
[2026-04-12 01:44:46,809] Epoch: 9, Dataset: test, Dice: 0.8577, IoU: 0.7756
[2026-04-12 01:44:48,455] Epoch: 9, Dataset: val, Dice: 0.8269, IoU: 0.7418
[2026-04-12 01:48:29,125] Epoch: 10, Dataset: test, Dice: 0.8826, IoU: 0.8136
[2026-04-12 01:48:29,786] Epoch: 10, Dataset: val, Dice: 0.8449, IoU: 0.7645
[2026-04-12 01:52:05,530] Epoch: 11, Dataset: test, Dice: 0.9027, IoU: 0.8355
[2026-04-12 01:52:06,225] Epoch: 11, Dataset: val, Dice: 0.8222, IoU: 0.7408
[2026-04-12 01:55:41,930] Epoch: 12, Dataset: test, Dice: 0.8225, IoU: 0.7484
[2026-04-12 01:55:42,595] Epoch: 12, Dataset: val, Dice: 0.7445, IoU: 0.6484
[2026-04-12 01:59:17,833] Epoch: 13, Dataset: test, Dice: 0.9030, IoU: 0.8364
[2026-04-12 01:59:18,487] Epoch: 13, Dataset: val, Dice: 0.8336, IoU: 0.7430
[2026-04-12 02:02:52,942] Epoch: 14, Dataset: test, Dice: 0.9099, IoU: 0.8498
[2026-04-12 02:02:53,591] Epoch: 14, Dataset: val, Dice: 0.8338, IoU: 0.7570
[2026-04-12 02:06:31,915] Epoch: 15, Dataset: test, Dice: 0.9207, IoU: 0.8645
[2026-04-12 02:06:32,602] Epoch: 15, Dataset: val, Dice: 0.8853, IoU: 0.8141
[2026-04-12 02:06:32,602] ### Best Model Saved (Dice improved from 0.8579 to 0.8853) ###
[2026-04-12 02:10:11,372] Epoch: 16, Dataset: test, Dice: 0.8304, IoU: 0.7631
[2026-04-12 02:10:12,041] Epoch: 16, Dataset: val, Dice: 0.7338, IoU: 0.6423
[2026-04-12 02:13:46,818] Epoch: 17, Dataset: test, Dice: 0.9318, IoU: 0.8766
[2026-04-12 02:13:47,507] Epoch: 17, Dataset: val, Dice: 0.8844, IoU: 0.8165
[2026-04-12 02:17:21,563] Epoch: 18, Dataset: test, Dice: 0.9285, IoU: 0.8743
[2026-04-12 02:17:22,237] Epoch: 18, Dataset: val, Dice: 0.8932, IoU: 0.8288
[2026-04-12 02:17:22,237] ### Best Model Saved (Dice improved from 0.8853 to 0.8932) ###
[2026-04-12 02:20:55,640] Epoch: 19, Dataset: test, Dice: 0.9347, IoU: 0.8829
[2026-04-12 02:20:56,282] Epoch: 19, Dataset: val, Dice: 0.8588, IoU: 0.7875
[2026-04-12 02:24:19,732] Epoch: 20, Dataset: test, Dice: 0.9239, IoU: 0.8676
[2026-04-12 02:24:20,369] Epoch: 20, Dataset: val, Dice: 0.9028, IoU: 0.8383
[2026-04-12 02:24:20,369] ### Best Model Saved (Dice improved from 0.8932 to 0.9028) ###
[2026-04-12 02:27:43,044] Epoch: 21, Dataset: test, Dice: 0.9254, IoU: 0.8667
[2026-04-12 02:27:43,678] Epoch: 21, Dataset: val, Dice: 0.8719, IoU: 0.7995
[2026-04-12 02:31:06,583] Epoch: 22, Dataset: test, Dice: 0.9121, IoU: 0.8515
[2026-04-12 02:31:07,240] Epoch: 22, Dataset: val, Dice: 0.8588, IoU: 0.7851
[2026-04-12 02:34:29,194] Epoch: 23, Dataset: test, Dice: 0.9272, IoU: 0.8743
[2026-04-12 02:34:29,835] Epoch: 23, Dataset: val, Dice: 0.8832, IoU: 0.8247
[2026-04-12 02:37:52,732] Epoch: 24, Dataset: test, Dice: 0.9308, IoU: 0.8778
[2026-04-12 02:37:53,368] Epoch: 24, Dataset: val, Dice: 0.8991, IoU: 0.8365
[2026-04-12 02:41:16,209] Epoch: 25, Dataset: test, Dice: 0.9254, IoU: 0.8671
[2026-04-12 02:41:16,874] Epoch: 25, Dataset: val, Dice: 0.8938, IoU: 0.8279
[2026-04-12 02:44:40,028] Epoch: 26, Dataset: test, Dice: 0.8811, IoU: 0.8118
[2026-04-12 02:44:40,681] Epoch: 26, Dataset: val, Dice: 0.8674, IoU: 0.7938
[2026-04-12 02:48:03,883] Epoch: 27, Dataset: test, Dice: 0.9364, IoU: 0.8869
[2026-04-12 02:48:04,534] Epoch: 27, Dataset: val, Dice: 0.9064, IoU: 0.8491
[2026-04-12 02:48:04,534] ### Best Model Saved (Dice improved from 0.9028 to 0.9064) ###
[2026-04-12 02:51:26,631] Epoch: 28, Dataset: test, Dice: 0.7323, IoU: 0.6316
[2026-04-12 02:51:27,284] Epoch: 28, Dataset: val, Dice: 0.6787, IoU: 0.5686
[2026-04-12 02:54:49,616] Epoch: 29, Dataset: test, Dice: 0.9143, IoU: 0.8565
[2026-04-12 02:54:50,256] Epoch: 29, Dataset: val, Dice: 0.8727, IoU: 0.8004
[2026-04-12 02:58:12,138] Epoch: 30, Dataset: test, Dice: 0.9300, IoU: 0.8750
[2026-04-12 02:58:12,790] Epoch: 30, Dataset: val, Dice: 0.8893, IoU: 0.8174
[2026-04-12 03:01:35,221] Epoch: 31, Dataset: test, Dice: 0.9386, IoU: 0.8884
[2026-04-12 03:01:35,854] Epoch: 31, Dataset: val, Dice: 0.9119, IoU: 0.8506
[2026-04-12 03:01:35,854] ### Best Model Saved (Dice improved from 0.9064 to 0.9119) ###
[2026-04-12 03:04:59,151] Epoch: 32, Dataset: test, Dice: 0.9362, IoU: 0.8853
[2026-04-12 03:04:59,789] Epoch: 32, Dataset: val, Dice: 0.9179, IoU: 0.8639
[2026-04-12 03:04:59,789] ### Best Model Saved (Dice improved from 0.9119 to 0.9179) ###
[2026-04-12 03:08:23,732] Epoch: 33, Dataset: test, Dice: 0.9255, IoU: 0.8716
[2026-04-12 03:08:24,367] Epoch: 33, Dataset: val, Dice: 0.8934, IoU: 0.8318
[2026-04-12 03:11:46,728] Epoch: 34, Dataset: test, Dice: 0.9403, IoU: 0.8911
[2026-04-12 03:11:47,378] Epoch: 34, Dataset: val, Dice: 0.9100, IoU: 0.8527
[2026-04-12 03:15:08,480] Epoch: 35, Dataset: test, Dice: 0.9435, IoU: 0.8965
[2026-04-12 03:15:09,120] Epoch: 35, Dataset: val, Dice: 0.9015, IoU: 0.8396
[2026-04-12 03:18:32,709] Epoch: 36, Dataset: test, Dice: 0.8814, IoU: 0.8162
[2026-04-12 03:18:33,371] Epoch: 36, Dataset: val, Dice: 0.7813, IoU: 0.6890
[2026-04-12 03:21:56,025] Epoch: 37, Dataset: test, Dice: 0.9121, IoU: 0.8559
[2026-04-12 03:21:56,687] Epoch: 37, Dataset: val, Dice: 0.8932, IoU: 0.8294
[2026-04-12 03:25:19,976] Epoch: 38, Dataset: test, Dice: 0.9282, IoU: 0.8766
[2026-04-12 03:25:20,631] Epoch: 38, Dataset: val, Dice: 0.9002, IoU: 0.8390
[2026-04-12 03:28:43,107] Epoch: 39, Dataset: test, Dice: 0.9253, IoU: 0.8687
[2026-04-12 03:28:43,740] Epoch: 39, Dataset: val, Dice: 0.8914, IoU: 0.8206
[2026-04-12 03:32:06,312] Epoch: 40, Dataset: test, Dice: 0.9448, IoU: 0.8984
[2026-04-12 03:32:06,960] Epoch: 40, Dataset: val, Dice: 0.9262, IoU: 0.8674
[2026-04-12 03:32:06,960] ### Best Model Saved (Dice improved from 0.9179 to 0.9262) ###
[2026-04-12 03:35:31,467] Epoch: 41, Dataset: test, Dice: 0.9070, IoU: 0.8529
[2026-04-12 03:35:32,117] Epoch: 41, Dataset: val, Dice: 0.8767, IoU: 0.8099
[2026-04-12 03:38:55,711] Epoch: 42, Dataset: test, Dice: 0.9374, IoU: 0.8870
[2026-04-12 03:38:56,338] Epoch: 42, Dataset: val, Dice: 0.9069, IoU: 0.8470
[2026-04-12 03:42:20,106] Epoch: 43, Dataset: test, Dice: 0.9433, IoU: 0.8957
[2026-04-12 03:42:20,734] Epoch: 43, Dataset: val, Dice: 0.9050, IoU: 0.8437
[2026-04-12 03:45:43,192] Epoch: 44, Dataset: test, Dice: 0.9348, IoU: 0.8839
[2026-04-12 03:45:43,825] Epoch: 44, Dataset: val, Dice: 0.9104, IoU: 0.8519
[2026-04-12 03:49:06,741] Epoch: 45, Dataset: test, Dice: 0.9226, IoU: 0.8738
[2026-04-12 03:49:07,395] Epoch: 45, Dataset: val, Dice: 0.8863, IoU: 0.8255
[2026-04-12 03:52:30,138] Epoch: 46, Dataset: test, Dice: 0.9241, IoU: 0.8734
[2026-04-12 03:52:30,791] Epoch: 46, Dataset: val, Dice: 0.9162, IoU: 0.8580
[2026-04-12 03:55:54,420] Epoch: 47, Dataset: test, Dice: 0.9003, IoU: 0.8299
[2026-04-12 03:55:55,089] Epoch: 47, Dataset: val, Dice: 0.8733, IoU: 0.8056
[2026-04-12 03:59:19,313] Epoch: 48, Dataset: test, Dice: 0.9296, IoU: 0.8751
[2026-04-12 03:59:19,952] Epoch: 48, Dataset: val, Dice: 0.8506, IoU: 0.7810
[2026-04-12 04:02:42,397] Epoch: 49, Dataset: test, Dice: 0.9256, IoU: 0.8748
[2026-04-12 04:02:43,040] Epoch: 49, Dataset: val, Dice: 0.9011, IoU: 0.8414
[2026-04-12 04:06:06,001] Epoch: 50, Dataset: test, Dice: 0.9425, IoU: 0.8963
[2026-04-12 04:06:06,643] Epoch: 50, Dataset: val, Dice: 0.9097, IoU: 0.8535
[2026-04-12 04:09:30,059] Epoch: 51, Dataset: test, Dice: 0.9393, IoU: 0.8915
[2026-04-12 04:09:30,702] Epoch: 51, Dataset: val, Dice: 0.9205, IoU: 0.8614
[2026-04-12 04:12:55,146] Epoch: 52, Dataset: test, Dice: 0.9375, IoU: 0.8874
[2026-04-12 04:12:55,795] Epoch: 52, Dataset: val, Dice: 0.9010, IoU: 0.8420
[2026-04-12 04:16:19,005] Epoch: 53, Dataset: test, Dice: 0.9434, IoU: 0.8974
[2026-04-12 04:16:19,638] Epoch: 53, Dataset: val, Dice: 0.9223, IoU: 0.8667
[2026-04-12 04:19:43,606] Epoch: 54, Dataset: test, Dice: 0.9373, IoU: 0.8868
[2026-04-12 04:19:44,241] Epoch: 54, Dataset: val, Dice: 0.8854, IoU: 0.8224
[2026-04-12 04:23:08,085] Epoch: 55, Dataset: test, Dice: 0.9367, IoU: 0.8868
[2026-04-12 04:23:08,723] Epoch: 55, Dataset: val, Dice: 0.9233, IoU: 0.8671
[2026-04-12 04:26:33,052] Epoch: 56, Dataset: test, Dice: 0.9348, IoU: 0.8832
[2026-04-12 04:26:33,701] Epoch: 56, Dataset: val, Dice: 0.9124, IoU: 0.8551
[2026-04-12 04:29:57,753] Epoch: 57, Dataset: test, Dice: 0.9404, IoU: 0.8923
[2026-04-12 04:29:58,388] Epoch: 57, Dataset: val, Dice: 0.9237, IoU: 0.8648
[2026-04-12 04:33:22,402] Epoch: 58, Dataset: test, Dice: 0.9457, IoU: 0.9004
[2026-04-12 04:33:23,056] Epoch: 58, Dataset: val, Dice: 0.9152, IoU: 0.8542
[2026-04-12 04:36:45,562] Epoch: 59, Dataset: test, Dice: 0.9295, IoU: 0.8785
[2026-04-12 04:36:46,221] Epoch: 59, Dataset: val, Dice: 0.9212, IoU: 0.8634
[2026-04-12 04:40:09,047] Epoch: 60, Dataset: test, Dice: 0.9337, IoU: 0.8819
[2026-04-12 04:40:09,692] Epoch: 60, Dataset: val, Dice: 0.9125, IoU: 0.8526
[2026-04-12 04:43:32,032] Epoch: 61, Dataset: test, Dice: 0.9215, IoU: 0.8710
[2026-04-12 04:43:32,664] Epoch: 61, Dataset: val, Dice: 0.8901, IoU: 0.8265
[2026-04-12 04:46:56,535] Epoch: 62, Dataset: test, Dice: 0.9372, IoU: 0.8872
[2026-04-12 04:46:57,173] Epoch: 62, Dataset: val, Dice: 0.8831, IoU: 0.8200
[2026-04-12 04:50:19,675] Epoch: 63, Dataset: test, Dice: 0.9420, IoU: 0.8929
[2026-04-12 04:50:20,306] Epoch: 63, Dataset: val, Dice: 0.9248, IoU: 0.8673
[2026-04-12 04:53:42,751] Epoch: 64, Dataset: test, Dice: 0.9453, IoU: 0.8986
[2026-04-12 04:53:43,392] Epoch: 64, Dataset: val, Dice: 0.9293, IoU: 0.8738
[2026-04-12 04:53:43,392] ### Best Model Saved (Dice improved from 0.9262 to 0.9293) ###
[2026-04-12 04:57:07,547] Epoch: 65, Dataset: test, Dice: 0.9472, IoU: 0.9017
[2026-04-12 04:57:08,179] Epoch: 65, Dataset: val, Dice: 0.9341, IoU: 0.8821
[2026-04-12 04:57:08,179] ### Best Model Saved (Dice improved from 0.9293 to 0.9341) ###
[2026-04-12 05:00:32,380] Epoch: 66, Dataset: test, Dice: 0.9391, IoU: 0.8907
[2026-04-12 05:00:33,005] Epoch: 66, Dataset: val, Dice: 0.9302, IoU: 0.8748
[2026-04-12 05:03:56,978] Epoch: 67, Dataset: test, Dice: 0.9462, IoU: 0.8998
[2026-04-12 05:03:57,615] Epoch: 67, Dataset: val, Dice: 0.9146, IoU: 0.8570
[2026-04-12 05:07:21,466] Epoch: 68, Dataset: test, Dice: 0.9436, IoU: 0.8954
[2026-04-12 05:07:22,119] Epoch: 68, Dataset: val, Dice: 0.9334, IoU: 0.8783
[2026-04-12 05:10:47,342] Epoch: 69, Dataset: test, Dice: 0.9294, IoU: 0.8796
[2026-04-12 05:10:47,974] Epoch: 69, Dataset: val, Dice: 0.9045, IoU: 0.8469
[2026-04-12 05:14:12,607] Epoch: 70, Dataset: test, Dice: 0.9394, IoU: 0.8906
[2026-04-12 05:14:13,251] Epoch: 70, Dataset: val, Dice: 0.9281, IoU: 0.8749
[2026-04-12 05:17:37,523] Epoch: 71, Dataset: test, Dice: 0.9444, IoU: 0.8993
[2026-04-12 05:17:38,164] Epoch: 71, Dataset: val, Dice: 0.9235, IoU: 0.8696
[2026-04-12 05:21:01,302] Epoch: 72, Dataset: test, Dice: 0.9404, IoU: 0.8932
[2026-04-12 05:21:01,949] Epoch: 72, Dataset: val, Dice: 0.9253, IoU: 0.8674
[2026-04-12 05:24:24,456] Epoch: 73, Dataset: test, Dice: 0.9441, IoU: 0.8982
[2026-04-12 05:24:25,091] Epoch: 73, Dataset: val, Dice: 0.9062, IoU: 0.8477
[2026-04-12 05:27:48,069] Epoch: 74, Dataset: test, Dice: 0.9406, IoU: 0.8909
[2026-04-12 05:27:48,711] Epoch: 74, Dataset: val, Dice: 0.9293, IoU: 0.8738
[2026-04-12 05:31:11,892] Epoch: 75, Dataset: test, Dice: 0.9421, IoU: 0.8943
[2026-04-12 05:31:12,527] Epoch: 75, Dataset: val, Dice: 0.9174, IoU: 0.8621
[2026-04-12 05:34:36,576] Epoch: 76, Dataset: test, Dice: 0.9422, IoU: 0.8958
[2026-04-12 05:34:37,243] Epoch: 76, Dataset: val, Dice: 0.9252, IoU: 0.8725
[2026-04-12 05:37:59,945] Epoch: 77, Dataset: test, Dice: 0.9386, IoU: 0.8899
[2026-04-12 05:38:00,578] Epoch: 77, Dataset: val, Dice: 0.9245, IoU: 0.8691
[2026-04-12 05:41:23,017] Epoch: 78, Dataset: test, Dice: 0.9399, IoU: 0.8917
[2026-04-12 05:41:23,660] Epoch: 78, Dataset: val, Dice: 0.9246, IoU: 0.8663
[2026-04-12 05:44:45,574] Epoch: 79, Dataset: test, Dice: 0.9290, IoU: 0.8789
[2026-04-12 05:44:46,223] Epoch: 79, Dataset: val, Dice: 0.9079, IoU: 0.8496
[2026-04-12 05:48:10,646] Epoch: 80, Dataset: test, Dice: 0.9450, IoU: 0.8985
[2026-04-12 05:48:11,301] Epoch: 80, Dataset: val, Dice: 0.9186, IoU: 0.8632
[2026-04-12 05:51:33,538] Epoch: 81, Dataset: test, Dice: 0.9455, IoU: 0.8996
[2026-04-12 05:51:34,181] Epoch: 81, Dataset: val, Dice: 0.9172, IoU: 0.8669
[2026-04-12 05:54:56,482] Epoch: 82, Dataset: test, Dice: 0.9397, IoU: 0.8900
[2026-04-12 05:54:57,135] Epoch: 82, Dataset: val, Dice: 0.9346, IoU: 0.8803
[2026-04-12 05:54:57,135] ### Best Model Saved (Dice improved from 0.9341 to 0.9346) ###
[2026-04-12 05:58:19,586] Epoch: 83, Dataset: test, Dice: 0.9415, IoU: 0.8933
[2026-04-12 05:58:20,228] Epoch: 83, Dataset: val, Dice: 0.9200, IoU: 0.8655
[2026-04-12 06:01:43,260] Epoch: 84, Dataset: test, Dice: 0.9469, IoU: 0.9027
[2026-04-12 06:01:43,909] Epoch: 84, Dataset: val, Dice: 0.9211, IoU: 0.8681
[2026-04-12 06:05:07,057] Epoch: 85, Dataset: test, Dice: 0.9482, IoU: 0.9049
[2026-04-12 06:05:07,703] Epoch: 85, Dataset: val, Dice: 0.9314, IoU: 0.8824
[2026-04-12 06:08:31,749] Epoch: 86, Dataset: test, Dice: 0.9495, IoU: 0.9070
[2026-04-12 06:08:32,393] Epoch: 86, Dataset: val, Dice: 0.9289, IoU: 0.8752
[2026-04-12 06:11:55,784] Epoch: 87, Dataset: test, Dice: 0.9465, IoU: 0.9021
[2026-04-12 06:11:56,437] Epoch: 87, Dataset: val, Dice: 0.9262, IoU: 0.8761
[2026-04-12 06:15:19,609] Epoch: 88, Dataset: test, Dice: 0.9482, IoU: 0.9046
[2026-04-12 06:15:20,247] Epoch: 88, Dataset: val, Dice: 0.9335, IoU: 0.8799
[2026-04-12 06:18:43,247] Epoch: 89, Dataset: test, Dice: 0.9512, IoU: 0.9096
[2026-04-12 06:18:43,885] Epoch: 89, Dataset: val, Dice: 0.9447, IoU: 0.8966
[2026-04-12 06:18:43,885] ### Best Model Saved (Dice improved from 0.9346 to 0.9447) ###
[2026-04-12 06:22:07,069] Epoch: 90, Dataset: test, Dice: 0.9476, IoU: 0.9033
[2026-04-12 06:22:07,728] Epoch: 90, Dataset: val, Dice: 0.9183, IoU: 0.8636
[2026-04-12 06:25:32,453] Epoch: 91, Dataset: test, Dice: 0.9465, IoU: 0.9018
[2026-04-12 06:25:33,092] Epoch: 91, Dataset: val, Dice: 0.9233, IoU: 0.8669
[2026-04-12 06:28:56,098] Epoch: 92, Dataset: test, Dice: 0.9418, IoU: 0.8937
[2026-04-12 06:28:56,736] Epoch: 92, Dataset: val, Dice: 0.9242, IoU: 0.8680
[2026-04-12 06:32:20,423] Epoch: 93, Dataset: test, Dice: 0.9356, IoU: 0.8870
[2026-04-12 06:32:21,061] Epoch: 93, Dataset: val, Dice: 0.9238, IoU: 0.8678
[2026-04-12 06:35:43,828] Epoch: 94, Dataset: test, Dice: 0.9468, IoU: 0.9020
[2026-04-12 06:35:44,462] Epoch: 94, Dataset: val, Dice: 0.9288, IoU: 0.8759
[2026-04-12 06:39:07,538] Epoch: 95, Dataset: test, Dice: 0.9464, IoU: 0.9013
[2026-04-12 06:39:08,183] Epoch: 95, Dataset: val, Dice: 0.9434, IoU: 0.8944
[2026-04-12 06:42:31,811] Epoch: 96, Dataset: test, Dice: 0.9444, IoU: 0.8976
[2026-04-12 06:42:32,450] Epoch: 96, Dataset: val, Dice: 0.9185, IoU: 0.8641
[2026-04-12 06:45:55,801] Epoch: 97, Dataset: test, Dice: 0.9482, IoU: 0.9045
[2026-04-12 06:45:56,439] Epoch: 97, Dataset: val, Dice: 0.9403, IoU: 0.8923
[2026-04-12 06:49:20,916] Epoch: 98, Dataset: test, Dice: 0.9529, IoU: 0.9114
[2026-04-12 06:49:21,568] Epoch: 98, Dataset: val, Dice: 0.9383, IoU: 0.8887
[2026-04-12 06:52:45,453] Epoch: 99, Dataset: test, Dice: 0.9489, IoU: 0.9051
[2026-04-12 06:52:46,093] Epoch: 99, Dataset: val, Dice: 0.9364, IoU: 0.8859
[2026-04-12 06:56:10,189] Epoch: 100, Dataset: test, Dice: 0.9454, IoU: 0.9000
[2026-04-12 06:56:10,855] Epoch: 100, Dataset: val, Dice: 0.9396, IoU: 0.8894
[2026-04-12 06:59:34,838] Epoch: 101, Dataset: test, Dice: 0.9459, IoU: 0.8999
[2026-04-12 06:59:35,508] Epoch: 101, Dataset: val, Dice: 0.9296, IoU: 0.8756
[2026-04-12 07:02:58,491] Epoch: 102, Dataset: test, Dice: 0.9415, IoU: 0.8936
[2026-04-12 07:02:59,142] Epoch: 102, Dataset: val, Dice: 0.9241, IoU: 0.8734
[2026-04-12 07:06:22,832] Epoch: 103, Dataset: test, Dice: 0.9478, IoU: 0.9035
[2026-04-12 07:06:23,475] Epoch: 103, Dataset: val, Dice: 0.9281, IoU: 0.8781
[2026-04-12 07:09:47,509] Epoch: 104, Dataset: test, Dice: 0.9477, IoU: 0.9034
[2026-04-12 07:09:48,157] Epoch: 104, Dataset: val, Dice: 0.9359, IoU: 0.8850
[2026-04-12 07:13:12,884] Epoch: 105, Dataset: test, Dice: 0.9491, IoU: 0.9057
[2026-04-12 07:13:13,519] Epoch: 105, Dataset: val, Dice: 0.9335, IoU: 0.8819
[2026-04-12 07:16:37,744] Epoch: 106, Dataset: test, Dice: 0.9493, IoU: 0.9062
[2026-04-12 07:16:38,386] Epoch: 106, Dataset: val, Dice: 0.9318, IoU: 0.8794
[2026-04-12 07:20:01,332] Epoch: 107, Dataset: test, Dice: 0.9483, IoU: 0.9046
[2026-04-12 07:20:01,963] Epoch: 107, Dataset: val, Dice: 0.9270, IoU: 0.8738
[2026-04-12 07:23:24,258] Epoch: 108, Dataset: test, Dice: 0.9464, IoU: 0.9011
[2026-04-12 07:23:24,888] Epoch: 108, Dataset: val, Dice: 0.9253, IoU: 0.8706
[2026-04-12 07:26:48,640] Epoch: 109, Dataset: test, Dice: 0.9503, IoU: 0.9079
[2026-04-12 07:26:49,280] Epoch: 109, Dataset: val, Dice: 0.9283, IoU: 0.8741
[2026-04-12 07:30:12,643] Epoch: 110, Dataset: test, Dice: 0.9489, IoU: 0.9053
[2026-04-12 07:30:13,284] Epoch: 110, Dataset: val, Dice: 0.9306, IoU: 0.8769
[2026-04-12 07:33:36,163] Epoch: 111, Dataset: test, Dice: 0.9482, IoU: 0.9043
[2026-04-12 07:33:36,808] Epoch: 111, Dataset: val, Dice: 0.9063, IoU: 0.8480
[2026-04-12 07:36:59,643] Epoch: 112, Dataset: test, Dice: 0.9482, IoU: 0.9046
[2026-04-12 07:37:00,276] Epoch: 112, Dataset: val, Dice: 0.9381, IoU: 0.8886
[2026-04-12 07:40:23,368] Epoch: 113, Dataset: test, Dice: 0.9490, IoU: 0.9057
[2026-04-12 07:40:24,025] Epoch: 113, Dataset: val, Dice: 0.9273, IoU: 0.8722
[2026-04-12 07:43:47,355] Epoch: 114, Dataset: test, Dice: 0.9505, IoU: 0.9083
[2026-04-12 07:43:48,002] Epoch: 114, Dataset: val, Dice: 0.9456, IoU: 0.8981
[2026-04-12 07:43:48,003] ### Best Model Saved (Dice improved from 0.9447 to 0.9456) ###
[2026-04-12 07:47:12,076] Epoch: 115, Dataset: test, Dice: 0.9384, IoU: 0.8941
[2026-04-12 07:47:12,723] Epoch: 115, Dataset: val, Dice: 0.9129, IoU: 0.8575
[2026-04-12 07:50:35,922] Epoch: 116, Dataset: test, Dice: 0.9477, IoU: 0.9035
[2026-04-12 07:50:36,552] Epoch: 116, Dataset: val, Dice: 0.9385, IoU: 0.8892
[2026-04-12 07:54:01,629] Epoch: 117, Dataset: test, Dice: 0.9482, IoU: 0.9043
[2026-04-12 07:54:02,262] Epoch: 117, Dataset: val, Dice: 0.9416, IoU: 0.8926
[2026-04-12 07:57:25,635] Epoch: 118, Dataset: test, Dice: 0.9487, IoU: 0.9053
[2026-04-12 07:57:26,286] Epoch: 118, Dataset: val, Dice: 0.9396, IoU: 0.8908
[2026-04-12 08:00:57,618] Epoch: 119, Dataset: test, Dice: 0.9507, IoU: 0.9079
[2026-04-12 08:00:59,283] Epoch: 119, Dataset: val, Dice: 0.9366, IoU: 0.8856
[2026-04-12 08:04:24,676] Epoch: 120, Dataset: test, Dice: 0.9459, IoU: 0.9006
[2026-04-12 08:04:25,329] Epoch: 120, Dataset: val, Dice: 0.9365, IoU: 0.8859
[2026-04-12 08:07:48,710] Epoch: 121, Dataset: test, Dice: 0.9478, IoU: 0.9036
[2026-04-12 08:07:49,354] Epoch: 121, Dataset: val, Dice: 0.9323, IoU: 0.8802
[2026-04-12 08:11:12,810] Epoch: 122, Dataset: test, Dice: 0.9494, IoU: 0.9059
[2026-04-12 08:11:13,456] Epoch: 122, Dataset: val, Dice: 0.9383, IoU: 0.8891
[2026-04-12 08:14:37,218] Epoch: 123, Dataset: test, Dice: 0.9481, IoU: 0.9041
[2026-04-12 08:14:37,886] Epoch: 123, Dataset: val, Dice: 0.9388, IoU: 0.8899
[2026-04-12 08:18:02,507] Epoch: 124, Dataset: test, Dice: 0.9510, IoU: 0.9089
[2026-04-12 08:18:03,152] Epoch: 124, Dataset: val, Dice: 0.9417, IoU: 0.8947
[2026-04-12 08:21:26,064] Epoch: 125, Dataset: test, Dice: 0.9451, IoU: 0.8997
[2026-04-12 08:21:26,701] Epoch: 125, Dataset: val, Dice: 0.9345, IoU: 0.8808
[2026-04-12 08:24:49,493] Epoch: 126, Dataset: test, Dice: 0.9481, IoU: 0.9042
[2026-04-12 08:24:50,125] Epoch: 126, Dataset: val, Dice: 0.9377, IoU: 0.8878
[2026-04-12 08:28:13,484] Epoch: 127, Dataset: test, Dice: 0.9499, IoU: 0.9067
[2026-04-12 08:28:14,124] Epoch: 127, Dataset: val, Dice: 0.9301, IoU: 0.8787
[2026-04-12 08:31:37,913] Epoch: 128, Dataset: test, Dice: 0.9498, IoU: 0.9068
[2026-04-12 08:31:38,546] Epoch: 128, Dataset: val, Dice: 0.9336, IoU: 0.8820
[2026-04-12 08:35:02,663] Epoch: 129, Dataset: test, Dice: 0.9413, IoU: 0.8934
[2026-04-12 08:35:03,307] Epoch: 129, Dataset: val, Dice: 0.9345, IoU: 0.8828
[2026-04-12 08:38:27,323] Epoch: 130, Dataset: test, Dice: 0.9487, IoU: 0.9052
[2026-04-12 08:38:27,982] Epoch: 130, Dataset: val, Dice: 0.9405, IoU: 0.8910
[2026-04-12 08:41:52,388] Epoch: 131, Dataset: test, Dice: 0.9485, IoU: 0.9050
[2026-04-12 08:41:53,055] Epoch: 131, Dataset: val, Dice: 0.9196, IoU: 0.8668
[2026-04-12 08:45:15,480] Epoch: 132, Dataset: test, Dice: 0.9486, IoU: 0.9053
[2026-04-12 08:45:16,122] Epoch: 132, Dataset: val, Dice: 0.9273, IoU: 0.8731
[2026-04-12 08:48:39,718] Epoch: 133, Dataset: test, Dice: 0.9488, IoU: 0.9054
[2026-04-12 08:48:40,356] Epoch: 133, Dataset: val, Dice: 0.9358, IoU: 0.8855
[2026-04-12 08:52:12,578] Epoch: 134, Dataset: test, Dice: 0.9489, IoU: 0.9057
[2026-04-12 08:52:13,267] Epoch: 134, Dataset: val, Dice: 0.9351, IoU: 0.8840
[2026-04-12 08:55:49,726] Epoch: 135, Dataset: test, Dice: 0.9493, IoU: 0.9063
[2026-04-12 08:55:50,452] Epoch: 135, Dataset: val, Dice: 0.9358, IoU: 0.8855
[2026-04-12 08:59:30,528] Epoch: 136, Dataset: test, Dice: 0.9394, IoU: 0.8946
[2026-04-12 08:59:31,205] Epoch: 136, Dataset: val, Dice: 0.9371, IoU: 0.8878
[2026-04-12 09:03:07,819] Epoch: 137, Dataset: test, Dice: 0.9472, IoU: 0.9034
[2026-04-12 09:03:08,520] Epoch: 137, Dataset: val, Dice: 0.9384, IoU: 0.8898
[2026-04-12 09:06:46,540] Epoch: 138, Dataset: test, Dice: 0.9487, IoU: 0.9054
[2026-04-12 09:06:47,238] Epoch: 138, Dataset: val, Dice: 0.9374, IoU: 0.8873
[2026-04-12 09:10:27,279] Epoch: 139, Dataset: test, Dice: 0.9485, IoU: 0.9051
[2026-04-12 09:10:27,999] Epoch: 139, Dataset: val, Dice: 0.9344, IoU: 0.8832
[2026-04-12 09:14:04,880] Epoch: 140, Dataset: test, Dice: 0.9467, IoU: 0.9020
[2026-04-12 09:14:05,545] Epoch: 140, Dataset: val, Dice: 0.9366, IoU: 0.8859
[2026-04-12 09:17:39,994] Epoch: 141, Dataset: test, Dice: 0.9506, IoU: 0.9087
[2026-04-12 09:17:40,678] Epoch: 141, Dataset: val, Dice: 0.9376, IoU: 0.8874
[2026-04-12 09:21:21,460] Epoch: 142, Dataset: test, Dice: 0.9491, IoU: 0.9059
[2026-04-12 09:21:22,145] Epoch: 142, Dataset: val, Dice: 0.9326, IoU: 0.8807
[2026-04-12 09:24:58,692] Epoch: 143, Dataset: test, Dice: 0.9492, IoU: 0.9063
[2026-04-12 09:24:59,389] Epoch: 143, Dataset: val, Dice: 0.9350, IoU: 0.8839
[2026-04-12 09:28:35,578] Epoch: 144, Dataset: test, Dice: 0.9493, IoU: 0.9064
[2026-04-12 09:28:36,266] Epoch: 144, Dataset: val, Dice: 0.9397, IoU: 0.8910
[2026-04-12 09:32:08,160] Epoch: 145, Dataset: test, Dice: 0.9485, IoU: 0.9051
[2026-04-12 09:32:08,836] Epoch: 145, Dataset: val, Dice: 0.9358, IoU: 0.8850
[2026-04-12 09:35:49,279] Epoch: 146, Dataset: test, Dice: 0.9488, IoU: 0.9053
[2026-04-12 09:35:50,459] Epoch: 146, Dataset: val, Dice: 0.9396, IoU: 0.8907
[2026-04-12 09:39:29,456] Epoch: 147, Dataset: test, Dice: 0.9493, IoU: 0.9063
[2026-04-12 09:39:30,117] Epoch: 147, Dataset: val, Dice: 0.9401, IoU: 0.8917
[2026-04-12 09:43:02,081] Epoch: 148, Dataset: test, Dice: 0.9486, IoU: 0.9054
[2026-04-12 09:43:02,736] Epoch: 148, Dataset: val, Dice: 0.9381, IoU: 0.8885
[2026-04-12 09:46:44,046] Epoch: 149, Dataset: test, Dice: 0.9495, IoU: 0.9069
[2026-04-12 09:46:45,641] Epoch: 149, Dataset: val, Dice: 0.9417, IoU: 0.8945
[2026-04-12 09:50:30,015] Epoch: 150, Dataset: test, Dice: 0.9496, IoU: 0.9070
[2026-04-12 09:50:30,702] Epoch: 150, Dataset: val, Dice: 0.9402, IoU: 0.8919
[2026-04-12 09:54:12,020] Epoch: 151, Dataset: test, Dice: 0.9498, IoU: 0.9074
[2026-04-12 09:54:12,718] Epoch: 151, Dataset: val, Dice: 0.9396, IoU: 0.8910
[2026-04-12 09:57:48,766] Epoch: 152, Dataset: test, Dice: 0.9473, IoU: 0.9032
[2026-04-12 09:57:49,450] Epoch: 152, Dataset: val, Dice: 0.9405, IoU: 0.8925
[2026-04-12 10:01:33,671] Epoch: 153, Dataset: test, Dice: 0.9497, IoU: 0.9073
[2026-04-12 10:01:34,347] Epoch: 153, Dataset: val, Dice: 0.9409, IoU: 0.8932
[2026-04-12 10:05:12,943] Epoch: 154, Dataset: test, Dice: 0.9498, IoU: 0.9073
[2026-04-12 10:05:13,608] Epoch: 154, Dataset: val, Dice: 0.9414, IoU: 0.8940
[2026-04-12 10:08:51,640] Epoch: 155, Dataset: test, Dice: 0.9456, IoU: 0.9012
[2026-04-12 10:08:52,366] Epoch: 155, Dataset: val, Dice: 0.9387, IoU: 0.8893
[2026-04-12 10:12:32,296] Epoch: 156, Dataset: test, Dice: 0.9493, IoU: 0.9065
[2026-04-12 10:12:32,998] Epoch: 156, Dataset: val, Dice: 0.9379, IoU: 0.8886
[2026-04-12 10:16:09,667] Epoch: 157, Dataset: test, Dice: 0.9499, IoU: 0.9074
[2026-04-12 10:16:10,347] Epoch: 157, Dataset: val, Dice: 0.9389, IoU: 0.8898
[2026-04-12 10:19:51,014] Epoch: 158, Dataset: test, Dice: 0.9501, IoU: 0.9077
[2026-04-12 10:19:51,682] Epoch: 158, Dataset: val, Dice: 0.9375, IoU: 0.8881
[2026-04-12 10:23:29,322] Epoch: 159, Dataset: test, Dice: 0.9492, IoU: 0.9063
[2026-04-12 10:23:29,985] Epoch: 159, Dataset: val, Dice: 0.9388, IoU: 0.8896
[2026-04-12 10:27:06,376] Epoch: 160, Dataset: test, Dice: 0.9491, IoU: 0.9063
[2026-04-12 10:27:07,041] Epoch: 160, Dataset: val, Dice: 0.9370, IoU: 0.8868
[2026-04-12 10:30:48,410] Epoch: 161, Dataset: test, Dice: 0.9368, IoU: 0.8939
[2026-04-12 10:30:49,114] Epoch: 161, Dataset: val, Dice: 0.9357, IoU: 0.8855
[2026-04-12 10:34:30,406] Epoch: 162, Dataset: test, Dice: 0.9488, IoU: 0.9057
[2026-04-12 10:34:31,071] Epoch: 162, Dataset: val, Dice: 0.9372, IoU: 0.8879
[2026-04-12 10:38:12,191] Epoch: 163, Dataset: test, Dice: 0.9483, IoU: 0.9048
[2026-04-12 10:38:12,880] Epoch: 163, Dataset: val, Dice: 0.9372, IoU: 0.8880
[2026-04-12 10:41:56,272] Epoch: 164, Dataset: test, Dice: 0.9488, IoU: 0.9056
[2026-04-12 10:41:56,938] Epoch: 164, Dataset: val, Dice: 0.9368, IoU: 0.8873
[2026-04-12 10:45:34,078] Epoch: 165, Dataset: test, Dice: 0.9482, IoU: 0.9045
[2026-04-12 10:45:34,763] Epoch: 165, Dataset: val, Dice: 0.9353, IoU: 0.8848
[2026-04-12 10:49:13,846] Epoch: 166, Dataset: test, Dice: 0.9493, IoU: 0.9064
[2026-04-12 10:49:14,546] Epoch: 166, Dataset: val, Dice: 0.9384, IoU: 0.8891
[2026-04-12 10:52:57,038] Epoch: 167, Dataset: test, Dice: 0.9490, IoU: 0.9057
[2026-04-12 10:52:57,741] Epoch: 167, Dataset: val, Dice: 0.9366, IoU: 0.8868
[2026-04-12 10:56:37,582] Epoch: 168, Dataset: test, Dice: 0.9488, IoU: 0.9055
[2026-04-12 10:56:38,253] Epoch: 168, Dataset: val, Dice: 0.9388, IoU: 0.8898
[2026-04-12 11:00:16,745] Epoch: 169, Dataset: test, Dice: 0.9500, IoU: 0.9074
[2026-04-12 11:00:17,440] Epoch: 169, Dataset: val, Dice: 0.9378, IoU: 0.8888
[2026-04-12 11:03:57,962] Epoch: 170, Dataset: test, Dice: 0.9492, IoU: 0.9062
[2026-04-12 11:03:58,674] Epoch: 170, Dataset: val, Dice: 0.9380, IoU: 0.8893
[2026-04-12 11:07:33,349] Epoch: 171, Dataset: test, Dice: 0.9509, IoU: 0.9090
[2026-04-12 11:07:34,052] Epoch: 171, Dataset: val, Dice: 0.9364, IoU: 0.8867
[2026-04-12 11:11:15,478] Epoch: 172, Dataset: test, Dice: 0.9502, IoU: 0.9079
[2026-04-12 11:11:16,191] Epoch: 172, Dataset: val, Dice: 0.9369, IoU: 0.8874
[2026-04-12 11:14:59,872] Epoch: 173, Dataset: test, Dice: 0.9496, IoU: 0.9068
[2026-04-12 11:15:00,584] Epoch: 173, Dataset: val, Dice: 0.9368, IoU: 0.8874
[2026-04-12 11:18:40,341] Epoch: 174, Dataset: test, Dice: 0.9499, IoU: 0.9074
[2026-04-12 11:18:41,030] Epoch: 174, Dataset: val, Dice: 0.9361, IoU: 0.8862
[2026-04-12 11:22:23,483] Epoch: 175, Dataset: test, Dice: 0.9500, IoU: 0.9076
[2026-04-12 11:22:24,172] Epoch: 175, Dataset: val, Dice: 0.9368, IoU: 0.8872
[2026-04-12 11:26:07,737] Epoch: 176, Dataset: test, Dice: 0.9505, IoU: 0.9084
[2026-04-12 11:26:08,418] Epoch: 176, Dataset: val, Dice: 0.9368, IoU: 0.8872
[2026-04-12 11:29:47,885] Epoch: 177, Dataset: test, Dice: 0.9500, IoU: 0.9075
[2026-04-12 11:29:48,581] Epoch: 177, Dataset: val, Dice: 0.9371, IoU: 0.8878
[2026-04-12 11:33:29,449] Epoch: 178, Dataset: test, Dice: 0.9505, IoU: 0.9084
[2026-04-12 11:33:30,135] Epoch: 178, Dataset: val, Dice: 0.9382, IoU: 0.8890
[2026-04-12 11:37:12,371] Epoch: 179, Dataset: test, Dice: 0.9505, IoU: 0.9084
[2026-04-12 11:37:13,050] Epoch: 179, Dataset: val, Dice: 0.9380, IoU: 0.8887
[2026-04-12 11:40:56,828] Epoch: 180, Dataset: test, Dice: 0.9502, IoU: 0.9078
[2026-04-12 11:40:57,515] Epoch: 180, Dataset: val, Dice: 0.9371, IoU: 0.8878
[2026-04-12 11:44:38,855] Epoch: 181, Dataset: test, Dice: 0.9504, IoU: 0.9081
[2026-04-12 11:44:39,543] Epoch: 181, Dataset: val, Dice: 0.9361, IoU: 0.8859
[2026-04-12 11:48:21,550] Epoch: 182, Dataset: test, Dice: 0.9503, IoU: 0.9081
[2026-04-12 11:48:22,258] Epoch: 182, Dataset: val, Dice: 0.9361, IoU: 0.8859
[2026-04-12 11:52:08,213] Epoch: 183, Dataset: test, Dice: 0.9503, IoU: 0.9081
[2026-04-12 11:52:08,882] Epoch: 183, Dataset: val, Dice: 0.9361, IoU: 0.8860
[2026-04-12 11:55:50,028] Epoch: 184, Dataset: test, Dice: 0.9506, IoU: 0.9086
[2026-04-12 11:55:50,691] Epoch: 184, Dataset: val, Dice: 0.9360, IoU: 0.8857
[2026-04-12 12:01:06,477] Epoch: 185, Dataset: test, Dice: 0.9506, IoU: 0.9085
[2026-04-12 12:01:07,635] Epoch: 185, Dataset: val, Dice: 0.9366, IoU: 0.8867
[2026-04-12 12:06:45,032] Epoch: 186, Dataset: test, Dice: 0.9502, IoU: 0.9078
[2026-04-12 12:06:46,218] Epoch: 186, Dataset: val, Dice: 0.9366, IoU: 0.8868
[2026-04-12 12:12:21,352] Epoch: 187, Dataset: test, Dice: 0.9505, IoU: 0.9084
[2026-04-12 12:12:22,543] Epoch: 187, Dataset: val, Dice: 0.9366, IoU: 0.8868
[2026-04-12 12:17:58,774] Epoch: 188, Dataset: test, Dice: 0.9505, IoU: 0.9084
[2026-04-12 12:17:59,876] Epoch: 188, Dataset: val, Dice: 0.9365, IoU: 0.8867
